<?xml version="1.0" encoding="UTF-8"?>
<!-- Generated by org.testng.reporters.JUnitReportReporter -->
<testsuite hostname="LAPTOP-CARFPD6P" failures="0" tests="3" name="com.crm.qa.testcases.HomePageTest" time="88.216" errors="0" timestamp="19 Dec 2021 08:15:44 GMT" skipped="0">
  <testcase classname="com.crm.qa.testcases.HomePageTest" name="verifyHomePageTitleTest" time="33.754"/>
  <testcase classname="com.crm.qa.testcases.HomePageTest" name="verifyCorrectUserNameTest" time="17.568"/>
  <testcase classname="com.crm.qa.testcases.HomePageTest" name="verifyContactLinkTest" time="36.894"/>
</testsuite> <!-- com.crm.qa.testcases.HomePageTest -->
