<?xml version="1.0" encoding="UTF-8"?>
<!-- Generated by org.testng.reporters.JUnitReportReporter -->
<testsuite skipped="0" hostname="LAPTOP-CARFPD6P" name="com.crm.qa.testcases.LoginPageTest" tests="3" failures="0" timestamp="19 Dec 2021 18:31:38 GMT" time="48.218" errors="0">
  <testcase name="loginPageTitleTest" time="12.515" classname="com.crm.qa.testcases.LoginPageTest"/>
  <testcase name="loginPageForgotBtnTest" time="16.880" classname="com.crm.qa.testcases.LoginPageTest"/>
  <testcase name="loginTest" time="18.823" classname="com.crm.qa.testcases.LoginPageTest"/>
</testsuite> <!-- com.crm.qa.testcases.LoginPageTest -->
