<?xml version="1.0" encoding="UTF-8"?>
<!-- Generated by org.testng.reporters.JUnitReportReporter -->
<testsuite skipped="0" hostname="LAPTOP-CARFPD6P" name="com.crm.qa.testcases.HomePageTest" tests="3" failures="0" timestamp="19 Dec 2021 18:31:38 GMT" time="67.005" errors="0">
  <testcase name="verifyHomePageTitleTest" time="16.651" classname="com.crm.qa.testcases.HomePageTest"/>
  <testcase name="verifyCorrectUserNameTest" time="15.820" classname="com.crm.qa.testcases.HomePageTest"/>
  <testcase name="verifyContactLinkTest" time="34.534" classname="com.crm.qa.testcases.HomePageTest"/>
</testsuite> <!-- com.crm.qa.testcases.HomePageTest -->
